C:\Users\User\Documents\Rysunek1.dwg,Model,31.10.2022 21:00:48,User,DWG To PDF.pc3,ISO full bleed A4 (297.00 x 210.00 mm),1:1,
C:\Users\User\Documents\Rysunek1.dwg,Model,31.10.2022 21:04:35,User,DWG To PDF.pc3,ISO full bleed A4 (297.00 x 210.00 mm),1:1,
C:\Users\User\Documents\Rysunek1.dwg,Model,31.10.2022 21:08:29,User,DWG To PDF.pc3,ISO full bleed A4 (297.00 x 210.00 mm),1:1,
C:\Users\User\Documents\Rysunek1.dwg,Model,31.10.2022 21:16:53,User,DWG To PDF.pc3,ISO full bleed A4 (297.00 x 210.00 mm),1:1,
C:\Users\User\Documents\Rysunek1.dwg,Model,31.10.2022 21:18:05,User,DWG To PDF.pc3,ISO full bleed A4 (297.00 x 210.00 mm),1:1,
C:\Users\User\Documents\Rysunek1.dwg,Model,31.10.2022 21:21:15,User,DWG To PDF.pc3,ISO full bleed A4 (297.00 x 210.00 mm),1:1,
C:\Users\User\Documents\Rysunek1.dwg,Model,31.10.2022 21:22:41,User,DWG To PDF.pc3,ISO full bleed A4 (297.00 x 210.00 mm),1:1,
C:\Users\User\Documents\Rysunek1.dwg,Model,31.10.2022 21:25:48,User,DWG To PDF.pc3,ISO full bleed A4 (297.00 x 210.00 mm),1:1,
C:\Users\User\Documents\Rysunek1.dwg,Model,31.10.2022 21:30:51,User,DWG To PDF.pc3,ISO full bleed A4 (297.00 x 210.00 mm),1:2.83165,
C:\Users\User\Documents\Rysunek1.dwg,Model,31.10.2022 21:31:36,User,DWG To PDF.pc3,ISO full bleed A4 (297.00 x 210.00 mm),1:2.83165,
C:\Users\User\Documents\Rysunek1.dwg,Model,31.10.2022 21:33:58,User,DWG To PDF.pc3,ISO full bleed A4 (297.00 x 210.00 mm),1:2.83165,
C:\Users\User\Documents\Rysunek1.dwg,Model,31.10.2022 21:46:24,User,DWG To PDF.pc3,ISO full bleed A4 (297.00 x 210.00 mm),1:2.83165,
C:\Users\User\Documents\Rysunek1.dwg,Model,19.11.2022 12:28:17,User,DWG To PDF.pc3,ISO full bleed A4 (297.00 x 210.00 mm),1:1,
C:\Users\User\Documents\Rysunek1.dwg,Model,19.11.2022 12:39:45,User,DWG To PDF.pc3,ISO full bleed A4 (297.00 x 210.00 mm),1:1,
C:\Users\User\Documents\Rysunek1.dwg,Model,19.11.2022 12:40:43,User,DWG To PDF.pc3,ISO full bleed A4 (297.00 x 210.00 mm),1:1,
C:\Users\User\Documents\Rysunek1.dwg,Model,19.11.2022 12:47:28,User,DWG To PDF.pc3,ISO full bleed A4 (297.00 x 210.00 mm),1:1,
C:\Users\User\Documents\Rysunek1.dwg,Model,19.11.2022 12:50:08,User,DWG To PDF.pc3,ISO full bleed A4 (297.00 x 210.00 mm),1:1,
C:\Users\User\Documents\Rysunek1.dwg,Model,19.11.2022 12:50:40,User,DWG To PDF.pc3,ISO full bleed A4 (297.00 x 210.00 mm),1:1,
C:\Users\User\Documents\Rysunek1.dwg,Model,19.11.2022 12:51:18,User,DWG To PDF.pc3,ISO full bleed A4 (297.00 x 210.00 mm),1:1,
C:\Users\User\Documents\Poprawa.dwg,Model,20.11.2022 21:32:30,User,DWG To PDF.pc3,ISO full bleed A4 (297.00 x 210.00 mm),1:1,
C:\Users\User\Documents\Poprawa.dwg,Model,20.11.2022 21:33:17,User,DWG To PDF.pc3,ISO full bleed A4 (297.00 x 210.00 mm),1:1,
C:\Users\User\Documents\Poprawa.dwg,Model,20.11.2022 21:33:51,User,DWG To PDF.pc3,ISO full bleed A4 (297.00 x 210.00 mm),1:1,
C:\Users\User\Documents\Poprawa.dwg,Model,20.11.2022 21:34:23,User,DWG To PDF.pc3,ISO full bleed A4 (297.00 x 210.00 mm),1:1,
C:\Users\User\Documents\Poprawa te¿.dwg,Model,20.11.2022 21:38:16,User,DWG To PDF.pc3,ISO full bleed A4 (297.00 x 210.00 mm),1:1,
C:\Users\User\Documents\Poprawa te¿.dwg,Model,20.11.2022 22:27:26,User,DWG To PDF.pc3,ISO full bleed A4 (297.00 x 210.00 mm),1:2.83165,
C:\Users\User\Documents\Poprawa.dwg,Model,20.11.2022 22:28:53,User,DWG To PDF.pc3,ISO full bleed A4 (297.00 x 210.00 mm),1:2.83165,
C:\Users\User\Documents\Poprawa.dwg,Model,20.11.2022 22:29:39,User,DWG To PDF.pc3,ISO full bleed A4 (297.00 x 210.00 mm),1:2.83165,
C:\Users\User\Documents\Poprawa te¿.dwg,Model,20.11.2022 22:31:33,User,DWG To PDF.pc3,ISO full bleed A4 (297.00 x 210.00 mm),1:2.83165,
C:\Users\User\Documents\Poprawa te¿.dwg,Model,20.11.2022 22:32:06,User,DWG To PDF.pc3,ISO full bleed A4 (297.00 x 210.00 mm),1:2.83165,
C:\Users\User\Documents\Poprawa te¿.dwg,Model,20.12.2022 08:45:37,User,DWG To PDF.pc3,ISO full bleed A4 (297.00 x 210.00 mm),1:1,
C:\Users\User\Documents\Projekt 3.dwg,Model,20.12.2022 08:48:11,User,DWG To PDF.pc3,ISO full bleed A4 (297.00 x 210.00 mm),1:1,
C:\Users\User\Documents\Poprawa te¿.dwg,Model,20.12.2022 08:48:43,User,DWG To PDF.pc3,ISO full bleed A4 (297.00 x 210.00 mm),1:2.83165,
C:\Users\User\Documents\Rysunek2.dwg,Model,20.12.2022 10:27:23,User,DWG To PDF.pc3,ISO full bleed A4 (297.00 x 210.00 mm),1:1,
